20:30:26: [INFO] [/Users/derekgou/autonomy-bootcamp-2025-p2/modules/heartbeat/heartbeat_receiver_worker.py | heartbeat_receiver_worker | 47] Logger initialized
20:30:26: [INFO] [/Users/derekgou/autonomy-bootcamp-2025-p2/modules/heartbeat/heartbeat_receiver.py | run | 70] Current state: Connected
20:30:26: [INFO] [/Users/derekgou/autonomy-bootcamp-2025-p2/modules/heartbeat/heartbeat_receiver_worker.py | heartbeat_receiver_worker | 65] Current state: Connected
20:30:27: [INFO] [/Users/derekgou/autonomy-bootcamp-2025-p2/modules/heartbeat/heartbeat_receiver.py | run | 70] Current state: Connected
20:30:27: [INFO] [/Users/derekgou/autonomy-bootcamp-2025-p2/modules/heartbeat/heartbeat_receiver_worker.py | heartbeat_receiver_worker | 65] Current state: Connected
20:30:28: [INFO] [/Users/derekgou/autonomy-bootcamp-2025-p2/modules/heartbeat/heartbeat_receiver.py | run | 70] Current state: Connected
20:30:28: [INFO] [/Users/derekgou/autonomy-bootcamp-2025-p2/modules/heartbeat/heartbeat_receiver_worker.py | heartbeat_receiver_worker | 65] Current state: Connected
20:30:29: [INFO] [/Users/derekgou/autonomy-bootcamp-2025-p2/modules/heartbeat/heartbeat_receiver.py | run | 70] Current state: Connected
20:30:29: [INFO] [/Users/derekgou/autonomy-bootcamp-2025-p2/modules/heartbeat/heartbeat_receiver_worker.py | heartbeat_receiver_worker | 65] Current state: Connected
20:30:30: [INFO] [/Users/derekgou/autonomy-bootcamp-2025-p2/modules/heartbeat/heartbeat_receiver.py | run | 70] Current state: Connected
20:30:30: [INFO] [/Users/derekgou/autonomy-bootcamp-2025-p2/modules/heartbeat/heartbeat_receiver_worker.py | heartbeat_receiver_worker | 65] Current state: Connected
20:30:31: [INFO] [/Users/derekgou/autonomy-bootcamp-2025-p2/modules/heartbeat/heartbeat_receiver.py | run | 70] Current state: Connected
20:30:31: [INFO] [/Users/derekgou/autonomy-bootcamp-2025-p2/modules/heartbeat/heartbeat_receiver_worker.py | heartbeat_receiver_worker | 65] Current state: Connected
20:30:32: [INFO] [/Users/derekgou/autonomy-bootcamp-2025-p2/modules/heartbeat/heartbeat_receiver.py | run | 70] Current state: Connected
20:30:32: [INFO] [/Users/derekgou/autonomy-bootcamp-2025-p2/modules/heartbeat/heartbeat_receiver_worker.py | heartbeat_receiver_worker | 65] Current state: Connected
20:30:33: [INFO] [/Users/derekgou/autonomy-bootcamp-2025-p2/modules/heartbeat/heartbeat_receiver.py | run | 70] Current state: Connected
20:30:33: [INFO] [/Users/derekgou/autonomy-bootcamp-2025-p2/modules/heartbeat/heartbeat_receiver_worker.py | heartbeat_receiver_worker | 65] Current state: Connected
20:30:34: [INFO] [/Users/derekgou/autonomy-bootcamp-2025-p2/modules/heartbeat/heartbeat_receiver.py | run | 70] Current state: Connected
20:30:34: [INFO] [/Users/derekgou/autonomy-bootcamp-2025-p2/modules/heartbeat/heartbeat_receiver_worker.py | heartbeat_receiver_worker | 65] Current state: Connected
20:30:35: [WARNING] [/Users/derekgou/autonomy-bootcamp-2025-p2/modules/heartbeat/heartbeat_receiver.py | run | 67] Lost connection to drone!
20:30:35: [INFO] [/Users/derekgou/autonomy-bootcamp-2025-p2/modules/heartbeat/heartbeat_receiver.py | run | 70] Current state: False
20:30:35: [INFO] [/Users/derekgou/autonomy-bootcamp-2025-p2/modules/heartbeat/heartbeat_receiver_worker.py | heartbeat_receiver_worker | 65] Current state: False
20:30:36: [WARNING] [/Users/derekgou/autonomy-bootcamp-2025-p2/modules/heartbeat/heartbeat_receiver.py | run | 67] Lost connection to drone!
20:30:36: [INFO] [/Users/derekgou/autonomy-bootcamp-2025-p2/modules/heartbeat/heartbeat_receiver.py | run | 70] Current state: False
20:30:36: [INFO] [/Users/derekgou/autonomy-bootcamp-2025-p2/modules/heartbeat/heartbeat_receiver_worker.py | heartbeat_receiver_worker | 65] Current state: False
20:30:37: [WARNING] [/Users/derekgou/autonomy-bootcamp-2025-p2/modules/heartbeat/heartbeat_receiver.py | run | 67] Lost connection to drone!
20:30:37: [INFO] [/Users/derekgou/autonomy-bootcamp-2025-p2/modules/heartbeat/heartbeat_receiver.py | run | 70] Current state: False
20:30:37: [INFO] [/Users/derekgou/autonomy-bootcamp-2025-p2/modules/heartbeat/heartbeat_receiver_worker.py | heartbeat_receiver_worker | 65] Current state: False
20:30:38: [WARNING] [/Users/derekgou/autonomy-bootcamp-2025-p2/modules/heartbeat/heartbeat_receiver.py | run | 67] Lost connection to drone!
20:30:38: [INFO] [/Users/derekgou/autonomy-bootcamp-2025-p2/modules/heartbeat/heartbeat_receiver.py | run | 70] Current state: False
20:30:38: [INFO] [/Users/derekgou/autonomy-bootcamp-2025-p2/modules/heartbeat/heartbeat_receiver_worker.py | heartbeat_receiver_worker | 65] Current state: False
20:30:39: [INFO] [/Users/derekgou/autonomy-bootcamp-2025-p2/modules/heartbeat/heartbeat_receiver.py | run | 70] Current state: Connected
20:30:39: [INFO] [/Users/derekgou/autonomy-bootcamp-2025-p2/modules/heartbeat/heartbeat_receiver_worker.py | heartbeat_receiver_worker | 65] Current state: Connected
20:30:40: [INFO] [/Users/derekgou/autonomy-bootcamp-2025-p2/modules/heartbeat/heartbeat_receiver.py | run | 70] Current state: Connected
20:30:40: [INFO] [/Users/derekgou/autonomy-bootcamp-2025-p2/modules/heartbeat/heartbeat_receiver_worker.py | heartbeat_receiver_worker | 65] Current state: Connected
20:30:41: [INFO] [/Users/derekgou/autonomy-bootcamp-2025-p2/modules/heartbeat/heartbeat_receiver.py | run | 70] Current state: Connected
20:30:41: [INFO] [/Users/derekgou/autonomy-bootcamp-2025-p2/modules/heartbeat/heartbeat_receiver_worker.py | heartbeat_receiver_worker | 65] Current state: Connected
20:30:42: [INFO] [/Users/derekgou/autonomy-bootcamp-2025-p2/modules/heartbeat/heartbeat_receiver.py | run | 70] Current state: Connected
20:30:42: [INFO] [/Users/derekgou/autonomy-bootcamp-2025-p2/modules/heartbeat/heartbeat_receiver_worker.py | heartbeat_receiver_worker | 65] Current state: Connected
20:30:43: [INFO] [/Users/derekgou/autonomy-bootcamp-2025-p2/modules/heartbeat/heartbeat_receiver.py | run | 70] Current state: Connected
20:30:43: [INFO] [/Users/derekgou/autonomy-bootcamp-2025-p2/modules/heartbeat/heartbeat_receiver_worker.py | heartbeat_receiver_worker | 65] Current state: Connected
20:30:44: [INFO] [/Users/derekgou/autonomy-bootcamp-2025-p2/modules/heartbeat/heartbeat_receiver.py | run | 70] Current state: Connected
20:30:44: [INFO] [/Users/derekgou/autonomy-bootcamp-2025-p2/modules/heartbeat/heartbeat_receiver_worker.py | heartbeat_receiver_worker | 65] Current state: Connected
20:30:45: [INFO] [/Users/derekgou/autonomy-bootcamp-2025-p2/modules/heartbeat/heartbeat_receiver.py | run | 70] Current state: Connected
20:30:45: [INFO] [/Users/derekgou/autonomy-bootcamp-2025-p2/modules/heartbeat/heartbeat_receiver_worker.py | heartbeat_receiver_worker | 65] Current state: Connected
20:30:46: [INFO] [/Users/derekgou/autonomy-bootcamp-2025-p2/modules/heartbeat/heartbeat_receiver.py | run | 70] Current state: Connected
20:30:46: [INFO] [/Users/derekgou/autonomy-bootcamp-2025-p2/modules/heartbeat/heartbeat_receiver_worker.py | heartbeat_receiver_worker | 65] Current state: Connected
