16:50:10: [INFO] [/Users/derekgou/autonomy-bootcamp-2025-p2/modules/command/command_worker.py | command_worker | 54] Logger initialized
16:50:10: [INFO] [/Users/derekgou/autonomy-bootcamp-2025-p2/modules/command/command.py | run | 80] {
            time_since_boot: None,
            x: 0,
            y: 0,
            z: 29,
            x_velocity: 0,
            y_velocity: 0,
            z_velocity: 4,
            roll: None,
            pitch: None,
            yaw: 0,
            roll_speed: None,
            pitch_speed: None,
            yaw_speed: None
        }
16:50:10: [INFO] [/Users/derekgou/autonomy-bootcamp-2025-p2/modules/command/command.py | run | 81] 30
16:50:10: [INFO] [/Users/derekgou/autonomy-bootcamp-2025-p2/modules/command/command.py | run | 92] Average velocity: 0
16:50:10: [INFO] [/Users/derekgou/autonomy-bootcamp-2025-p2/modules/command/command.py | run | 80] {
            time_since_boot: None,
            x: 0,
            y: 0,
            z: 31,
            x_velocity: 0,
            y_velocity: 0,
            z_velocity: -2,
            roll: None,
            pitch: None,
            yaw: 0,
            roll_speed: None,
            pitch_speed: None,
            yaw_speed: None
        }
16:50:10: [INFO] [/Users/derekgou/autonomy-bootcamp-2025-p2/modules/command/command.py | run | 81] 30
16:50:10: [INFO] [/Users/derekgou/autonomy-bootcamp-2025-p2/modules/command/command.py | run | 92] Average velocity: 0
16:50:11: [INFO] [/Users/derekgou/autonomy-bootcamp-2025-p2/modules/command/command.py | run | 80] {
            time_since_boot: None,
            x: 0,
            y: 0,
            z: 30.2,
            x_velocity: 0,
            y_velocity: 0,
            z_velocity: 0,
            roll: None,
            pitch: None,
            yaw: 1.1071487177940904,
            roll_speed: None,
            pitch_speed: None,
            yaw_speed: None
        }
16:50:11: [INFO] [/Users/derekgou/autonomy-bootcamp-2025-p2/modules/command/command.py | run | 81] 30
16:50:11: [INFO] [/Users/derekgou/autonomy-bootcamp-2025-p2/modules/command/command.py | run | 92] Average velocity: 0
16:50:12: [INFO] [/Users/derekgou/autonomy-bootcamp-2025-p2/modules/command/command.py | run | 80] {
            time_since_boot: None,
            x: 0,
            y: 0,
            z: 29.8,
            x_velocity: 0,
            y_velocity: 0,
            z_velocity: 0,
            roll: None,
            pitch: None,
            yaw: 1.1071487177940904,
            roll_speed: None,
            pitch_speed: None,
            yaw_speed: None
        }
16:50:12: [INFO] [/Users/derekgou/autonomy-bootcamp-2025-p2/modules/command/command.py | run | 81] 30
16:50:12: [INFO] [/Users/derekgou/autonomy-bootcamp-2025-p2/modules/command/command.py | run | 92] Average velocity: 0
16:50:12: [INFO] [/Users/derekgou/autonomy-bootcamp-2025-p2/modules/command/command.py | run | 80] {
            time_since_boot: None,
            x: 0,
            y: 0,
            z: 30,
            x_velocity: 0,
            y_velocity: 0,
            z_velocity: 0,
            roll: None,
            pitch: None,
            yaw: 1.1071487177940904,
            roll_speed: None,
            pitch_speed: None,
            yaw_speed: None
        }
16:50:12: [INFO] [/Users/derekgou/autonomy-bootcamp-2025-p2/modules/command/command.py | run | 81] 30
16:50:12: [INFO] [/Users/derekgou/autonomy-bootcamp-2025-p2/modules/command/command.py | run | 92] Average velocity: 0
16:50:13: [INFO] [/Users/derekgou/autonomy-bootcamp-2025-p2/modules/command/command.py | run | 80] {
            time_since_boot: None,
            x: 0,
            y: 0,
            z: 30,
            x_velocity: 0,
            y_velocity: 0,
            z_velocity: 0,
            roll: None,
            pitch: None,
            yaw: 1.142055302833977,
            roll_speed: None,
            pitch_speed: None,
            yaw_speed: None
        }
16:50:13: [INFO] [/Users/derekgou/autonomy-bootcamp-2025-p2/modules/command/command.py | run | 81] 30
16:50:13: [INFO] [/Users/derekgou/autonomy-bootcamp-2025-p2/modules/command/command.py | run | 92] Average velocity: 0
16:50:13: [INFO] [/Users/derekgou/autonomy-bootcamp-2025-p2/modules/command/command.py | run | 80] {
            time_since_boot: None,
            x: 0,
            y: 0,
            z: 30,
            x_velocity: 0,
            y_velocity: 0,
            z_velocity: 0,
            roll: None,
            pitch: None,
            yaw: 1.072242132754204,
            roll_speed: None,
            pitch_speed: None,
            yaw_speed: None
        }
16:50:13: [INFO] [/Users/derekgou/autonomy-bootcamp-2025-p2/modules/command/command.py | run | 81] 30
16:50:13: [INFO] [/Users/derekgou/autonomy-bootcamp-2025-p2/modules/command/command.py | run | 92] Average velocity: 0
16:50:14: [INFO] [/Users/derekgou/autonomy-bootcamp-2025-p2/modules/command/command.py | run | 80] {
            time_since_boot: None,
            x: 0,
            y: 0,
            z: 30,
            x_velocity: 0,
            y_velocity: 20,
            z_velocity: 0,
            roll: None,
            pitch: None,
            yaw: 0,
            roll_speed: None,
            pitch_speed: None,
            yaw_speed: None
        }
16:50:14: [INFO] [/Users/derekgou/autonomy-bootcamp-2025-p2/modules/command/command.py | run | 81] 30
16:50:14: [INFO] [/Users/derekgou/autonomy-bootcamp-2025-p2/modules/command/command.py | run | 92] Average velocity: 0
16:50:14: [INFO] [/Users/derekgou/autonomy-bootcamp-2025-p2/modules/command/command.py | run | 80] {
            time_since_boot: None,
            x: 10,
            y: 0,
            z: 30,
            x_velocity: 0,
            y_velocity: 20,
            z_velocity: 0,
            roll: None,
            pitch: None,
            yaw: 0,
            roll_speed: None,
            pitch_speed: None,
            yaw_speed: None
        }
16:50:14: [INFO] [/Users/derekgou/autonomy-bootcamp-2025-p2/modules/command/command.py | run | 81] 30
16:50:14: [INFO] [/Users/derekgou/autonomy-bootcamp-2025-p2/modules/command/command.py | run | 92] Average velocity: 0
16:50:15: [INFO] [/Users/derekgou/autonomy-bootcamp-2025-p2/modules/command/command.py | run | 80] {
            time_since_boot: None,
            x: 20,
            y: 0,
            z: 30,
            x_velocity: 0,
            y_velocity: 20,
            z_velocity: 0,
            roll: None,
            pitch: None,
            yaw: 0,
            roll_speed: None,
            pitch_speed: None,
            yaw_speed: None
        }
16:50:15: [INFO] [/Users/derekgou/autonomy-bootcamp-2025-p2/modules/command/command.py | run | 81] 30
16:50:15: [INFO] [/Users/derekgou/autonomy-bootcamp-2025-p2/modules/command/command.py | run | 92] Average velocity: 0
16:50:15: [INFO] [/Users/derekgou/autonomy-bootcamp-2025-p2/modules/command/command.py | run | 80] {
            time_since_boot: None,
            x: 30,
            y: 0,
            z: 30,
            x_velocity: 20,
            y_velocity: 0,
            z_velocity: 0,
            roll: None,
            pitch: None,
            yaw: 1.5707963267948966,
            roll_speed: None,
            pitch_speed: None,
            yaw_speed: None
        }
16:50:15: [INFO] [/Users/derekgou/autonomy-bootcamp-2025-p2/modules/command/command.py | run | 81] 30
16:50:15: [INFO] [/Users/derekgou/autonomy-bootcamp-2025-p2/modules/command/command.py | run | 92] Average velocity: 0
16:50:16: [INFO] [/Users/derekgou/autonomy-bootcamp-2025-p2/modules/command/command.py | run | 80] {
            time_since_boot: None,
            x: 30,
            y: 10,
            z: 30,
            x_velocity: 20,
            y_velocity: 0,
            z_velocity: 0,
            roll: None,
            pitch: None,
            yaw: 1.5707963267948966,
            roll_speed: None,
            pitch_speed: None,
            yaw_speed: None
        }
16:50:16: [INFO] [/Users/derekgou/autonomy-bootcamp-2025-p2/modules/command/command.py | run | 81] 30
16:50:16: [INFO] [/Users/derekgou/autonomy-bootcamp-2025-p2/modules/command/command.py | run | 92] Average velocity: 0
16:50:16: [INFO] [/Users/derekgou/autonomy-bootcamp-2025-p2/modules/command/command.py | run | 80] {
            time_since_boot: None,
            x: 30,
            y: 20,
            z: 30,
            x_velocity: 20,
            y_velocity: 0,
            z_velocity: 0,
            roll: None,
            pitch: None,
            yaw: 1.5707963267948966,
            roll_speed: None,
            pitch_speed: None,
            yaw_speed: None
        }
16:50:16: [INFO] [/Users/derekgou/autonomy-bootcamp-2025-p2/modules/command/command.py | run | 81] 30
16:50:16: [INFO] [/Users/derekgou/autonomy-bootcamp-2025-p2/modules/command/command.py | run | 92] Average velocity: 0
16:50:17: [INFO] [/Users/derekgou/autonomy-bootcamp-2025-p2/modules/command/command.py | run | 80] {
            time_since_boot: None,
            x: 30,
            y: 30,
            z: 30,
            x_velocity: 0,
            y_velocity: -20,
            z_velocity: 0,
            roll: None,
            pitch: None,
            yaw: 3.141592653589793,
            roll_speed: None,
            pitch_speed: None,
            yaw_speed: None
        }
16:50:17: [INFO] [/Users/derekgou/autonomy-bootcamp-2025-p2/modules/command/command.py | run | 81] 30
16:50:17: [INFO] [/Users/derekgou/autonomy-bootcamp-2025-p2/modules/command/command.py | run | 92] Average velocity: 0
16:50:17: [INFO] [/Users/derekgou/autonomy-bootcamp-2025-p2/modules/command/command.py | run | 80] {
            time_since_boot: None,
            x: 20,
            y: 30,
            z: 30,
            x_velocity: 0,
            y_velocity: -20,
            z_velocity: 0,
            roll: None,
            pitch: None,
            yaw: -3.141592653589793,
            roll_speed: None,
            pitch_speed: None,
            yaw_speed: None
        }
16:50:17: [INFO] [/Users/derekgou/autonomy-bootcamp-2025-p2/modules/command/command.py | run | 81] 30
16:50:17: [INFO] [/Users/derekgou/autonomy-bootcamp-2025-p2/modules/command/command.py | run | 92] Average velocity: 0
16:50:18: [INFO] [/Users/derekgou/autonomy-bootcamp-2025-p2/modules/command/command.py | run | 80] {
            time_since_boot: None,
            x: 10,
            y: 30,
            z: 30,
            x_velocity: 0,
            y_velocity: -20,
            z_velocity: 0,
            roll: None,
            pitch: None,
            yaw: 3.141592653589793,
            roll_speed: None,
            pitch_speed: None,
            yaw_speed: None
        }
16:50:18: [INFO] [/Users/derekgou/autonomy-bootcamp-2025-p2/modules/command/command.py | run | 81] 30
16:50:18: [INFO] [/Users/derekgou/autonomy-bootcamp-2025-p2/modules/command/command.py | run | 92] Average velocity: 0
16:50:18: [INFO] [/Users/derekgou/autonomy-bootcamp-2025-p2/modules/command/command.py | run | 80] {
            time_since_boot: None,
            x: 0,
            y: 30,
            z: 30,
            x_velocity: -20,
            y_velocity: 0,
            z_velocity: 0,
            roll: None,
            pitch: None,
            yaw: -1.5707963267948966,
            roll_speed: None,
            pitch_speed: None,
            yaw_speed: None
        }
16:50:18: [INFO] [/Users/derekgou/autonomy-bootcamp-2025-p2/modules/command/command.py | run | 81] 30
16:50:18: [INFO] [/Users/derekgou/autonomy-bootcamp-2025-p2/modules/command/command.py | run | 92] Average velocity: 0
16:50:19: [INFO] [/Users/derekgou/autonomy-bootcamp-2025-p2/modules/command/command.py | run | 80] {
            time_since_boot: None,
            x: 0,
            y: 20,
            z: 30,
            x_velocity: -20,
            y_velocity: 0,
            z_velocity: 0,
            roll: None,
            pitch: None,
            yaw: -1.5707963267948966,
            roll_speed: None,
            pitch_speed: None,
            yaw_speed: None
        }
16:50:19: [INFO] [/Users/derekgou/autonomy-bootcamp-2025-p2/modules/command/command.py | run | 81] 30
16:50:19: [INFO] [/Users/derekgou/autonomy-bootcamp-2025-p2/modules/command/command.py | run | 92] Average velocity: 0
16:50:19: [INFO] [/Users/derekgou/autonomy-bootcamp-2025-p2/modules/command/command.py | run | 80] {
            time_since_boot: None,
            x: 0,
            y: 10,
            z: 30,
            x_velocity: -20,
            y_velocity: 0,
            z_velocity: 0,
            roll: None,
            pitch: None,
            yaw: -1.5707963267948966,
            roll_speed: None,
            pitch_speed: None,
            yaw_speed: None
        }
16:50:19: [INFO] [/Users/derekgou/autonomy-bootcamp-2025-p2/modules/command/command.py | run | 81] 30
16:50:19: [INFO] [/Users/derekgou/autonomy-bootcamp-2025-p2/modules/command/command.py | run | 92] Average velocity: 0
16:50:20: [INFO] [/Users/derekgou/autonomy-bootcamp-2025-p2/modules/command/command.py | run | 80] {
            time_since_boot: None,
            x: 0,
            y: 0,
            z: 30,
            x_velocity: 0,
            y_velocity: 20,
            z_velocity: 0,
            roll: None,
            pitch: None,
            yaw: 1.5707963267948966,
            roll_speed: None,
            pitch_speed: None,
            yaw_speed: None
        }
16:50:20: [INFO] [/Users/derekgou/autonomy-bootcamp-2025-p2/modules/command/command.py | run | 81] 30
16:50:20: [INFO] [/Users/derekgou/autonomy-bootcamp-2025-p2/modules/command/command.py | run | 92] Average velocity: 0
16:50:20: [INFO] [/Users/derekgou/autonomy-bootcamp-2025-p2/modules/command/command.py | run | 80] {
            time_since_boot: None,
            x: 0,
            y: 10,
            z: 30,
            x_velocity: 0,
            y_velocity: 20,
            z_velocity: 0,
            roll: None,
            pitch: None,
            yaw: 1.5707963267948966,
            roll_speed: None,
            pitch_speed: None,
            yaw_speed: None
        }
16:50:20: [INFO] [/Users/derekgou/autonomy-bootcamp-2025-p2/modules/command/command.py | run | 81] 30
16:50:20: [INFO] [/Users/derekgou/autonomy-bootcamp-2025-p2/modules/command/command.py | run | 92] Average velocity: 0
16:50:21: [INFO] [/Users/derekgou/autonomy-bootcamp-2025-p2/modules/command/command.py | run | 80] {
            time_since_boot: None,
            x: 0,
            y: 20,
            z: 30,
            x_velocity: 0,
            y_velocity: 20,
            z_velocity: 0,
            roll: None,
            pitch: None,
            yaw: 1.5707963267948966,
            roll_speed: None,
            pitch_speed: None,
            yaw_speed: None
        }
16:50:21: [INFO] [/Users/derekgou/autonomy-bootcamp-2025-p2/modules/command/command.py | run | 81] 30
16:50:21: [INFO] [/Users/derekgou/autonomy-bootcamp-2025-p2/modules/command/command.py | run | 92] Average velocity: 0
16:50:21: [INFO] [/Users/derekgou/autonomy-bootcamp-2025-p2/modules/command/command.py | run | 80] {
            time_since_boot: None,
            x: 0,
            y: 30,
            z: 30,
            x_velocity: 20,
            y_velocity: 0,
            z_velocity: 0,
            roll: None,
            pitch: None,
            yaw: 0,
            roll_speed: None,
            pitch_speed: None,
            yaw_speed: None
        }
16:50:21: [INFO] [/Users/derekgou/autonomy-bootcamp-2025-p2/modules/command/command.py | run | 81] 30
16:50:21: [INFO] [/Users/derekgou/autonomy-bootcamp-2025-p2/modules/command/command.py | run | 92] Average velocity: 0
16:50:22: [INFO] [/Users/derekgou/autonomy-bootcamp-2025-p2/modules/command/command.py | run | 80] {
            time_since_boot: None,
            x: 10,
            y: 30,
            z: 30,
            x_velocity: 20,
            y_velocity: 0,
            z_velocity: 0,
            roll: None,
            pitch: None,
            yaw: 0,
            roll_speed: None,
            pitch_speed: None,
            yaw_speed: None
        }
16:50:22: [INFO] [/Users/derekgou/autonomy-bootcamp-2025-p2/modules/command/command.py | run | 81] 30
16:50:22: [INFO] [/Users/derekgou/autonomy-bootcamp-2025-p2/modules/command/command.py | run | 92] Average velocity: 0
16:50:22: [INFO] [/Users/derekgou/autonomy-bootcamp-2025-p2/modules/command/command.py | run | 80] {
            time_since_boot: None,
            x: 20,
            y: 30,
            z: 30,
            x_velocity: 20,
            y_velocity: 0,
            z_velocity: 0,
            roll: None,
            pitch: None,
            yaw: 0,
            roll_speed: None,
            pitch_speed: None,
            yaw_speed: None
        }
16:50:22: [INFO] [/Users/derekgou/autonomy-bootcamp-2025-p2/modules/command/command.py | run | 81] 30
16:50:22: [INFO] [/Users/derekgou/autonomy-bootcamp-2025-p2/modules/command/command.py | run | 92] Average velocity: 0
16:50:23: [INFO] [/Users/derekgou/autonomy-bootcamp-2025-p2/modules/command/command.py | run | 80] {
            time_since_boot: None,
            x: 30,
            y: 30,
            z: 30,
            x_velocity: 0,
            y_velocity: -20,
            z_velocity: 0,
            roll: None,
            pitch: None,
            yaw: -1.5707963267948966,
            roll_speed: None,
            pitch_speed: None,
            yaw_speed: None
        }
16:50:23: [INFO] [/Users/derekgou/autonomy-bootcamp-2025-p2/modules/command/command.py | run | 81] 30
16:50:23: [INFO] [/Users/derekgou/autonomy-bootcamp-2025-p2/modules/command/command.py | run | 92] Average velocity: 0
16:50:23: [INFO] [/Users/derekgou/autonomy-bootcamp-2025-p2/modules/command/command.py | run | 80] {
            time_since_boot: None,
            x: 30,
            y: 20,
            z: 30,
            x_velocity: 0,
            y_velocity: -20,
            z_velocity: 0,
            roll: None,
            pitch: None,
            yaw: -1.5707963267948966,
            roll_speed: None,
            pitch_speed: None,
            yaw_speed: None
        }
16:50:23: [INFO] [/Users/derekgou/autonomy-bootcamp-2025-p2/modules/command/command.py | run | 81] 30
16:50:23: [INFO] [/Users/derekgou/autonomy-bootcamp-2025-p2/modules/command/command.py | run | 92] Average velocity: 0
16:50:24: [INFO] [/Users/derekgou/autonomy-bootcamp-2025-p2/modules/command/command.py | run | 80] {
            time_since_boot: None,
            x: 30,
            y: 10,
            z: 30,
            x_velocity: 0,
            y_velocity: -20,
            z_velocity: 0,
            roll: None,
            pitch: None,
            yaw: -1.5707963267948966,
            roll_speed: None,
            pitch_speed: None,
            yaw_speed: None
        }
16:50:24: [INFO] [/Users/derekgou/autonomy-bootcamp-2025-p2/modules/command/command.py | run | 81] 30
16:50:24: [INFO] [/Users/derekgou/autonomy-bootcamp-2025-p2/modules/command/command.py | run | 92] Average velocity: 0
16:50:24: [INFO] [/Users/derekgou/autonomy-bootcamp-2025-p2/modules/command/command.py | run | 80] {
            time_since_boot: None,
            x: 30,
            y: 0,
            z: 30,
            x_velocity: -20,
            y_velocity: 0,
            z_velocity: 0,
            roll: None,
            pitch: None,
            yaw: -3.141592653589793,
            roll_speed: None,
            pitch_speed: None,
            yaw_speed: None
        }
16:50:24: [INFO] [/Users/derekgou/autonomy-bootcamp-2025-p2/modules/command/command.py | run | 81] 30
16:50:24: [INFO] [/Users/derekgou/autonomy-bootcamp-2025-p2/modules/command/command.py | run | 92] Average velocity: 0
16:50:25: [INFO] [/Users/derekgou/autonomy-bootcamp-2025-p2/modules/command/command.py | run | 80] {
            time_since_boot: None,
            x: 20,
            y: 0,
            z: 30,
            x_velocity: -20,
            y_velocity: 0,
            z_velocity: 0,
            roll: None,
            pitch: None,
            yaw: 3.141592653589793,
            roll_speed: None,
            pitch_speed: None,
            yaw_speed: None
        }
16:50:25: [INFO] [/Users/derekgou/autonomy-bootcamp-2025-p2/modules/command/command.py | run | 81] 30
16:50:25: [INFO] [/Users/derekgou/autonomy-bootcamp-2025-p2/modules/command/command.py | run | 92] Average velocity: 0
16:50:25: [INFO] [/Users/derekgou/autonomy-bootcamp-2025-p2/modules/command/command.py | run | 80] {
            time_since_boot: None,
            x: 10,
            y: 0,
            z: 30,
            x_velocity: -20,
            y_velocity: 0,
            z_velocity: 0,
            roll: None,
            pitch: None,
            yaw: -3.141592653589793,
            roll_speed: None,
            pitch_speed: None,
            yaw_speed: None
        }
16:50:25: [INFO] [/Users/derekgou/autonomy-bootcamp-2025-p2/modules/command/command.py | run | 81] 30
16:50:25: [INFO] [/Users/derekgou/autonomy-bootcamp-2025-p2/modules/command/command.py | run | 92] Average velocity: 0
