22:15:23: [INFO] [/Users/derekgou/autonomy-bootcamp-2025-p2/modules/common/modules/logger/logger_main_setup.py | setup_main_logger | 62] main logger initialized
22:15:23: [INFO] [/Users/derekgou/autonomy-bootcamp-2025-p2/tests/integration/test_heartbeat_receiver.py | main | 111] Connected!
22:15:23: [INFO] [/Users/derekgou/autonomy-bootcamp-2025-p2/tests/integration/test_heartbeat_receiver.py | read_queue | 69] Connected
22:15:23: [INFO] [/Users/derekgou/autonomy-bootcamp-2025-p2/modules/heartbeat/heartbeat_receiver_worker.py | heartbeat_receiver_worker | 67] Current state: Connected
22:15:24: [INFO] [/Users/derekgou/autonomy-bootcamp-2025-p2/modules/heartbeat/heartbeat_receiver_worker.py | heartbeat_receiver_worker | 67] Current state: Connected
22:15:25: [INFO] [/Users/derekgou/autonomy-bootcamp-2025-p2/modules/heartbeat/heartbeat_receiver_worker.py | heartbeat_receiver_worker | 67] Current state: Connected
22:15:26: [INFO] [/Users/derekgou/autonomy-bootcamp-2025-p2/modules/heartbeat/heartbeat_receiver_worker.py | heartbeat_receiver_worker | 67] Current state: Connected
22:15:27: [INFO] [/Users/derekgou/autonomy-bootcamp-2025-p2/modules/heartbeat/heartbeat_receiver_worker.py | heartbeat_receiver_worker | 67] Current state: Connected
22:15:28: [INFO] [/Users/derekgou/autonomy-bootcamp-2025-p2/modules/heartbeat/heartbeat_receiver_worker.py | heartbeat_receiver_worker | 67] Current state: Connected
22:15:29: [INFO] [/Users/derekgou/autonomy-bootcamp-2025-p2/modules/heartbeat/heartbeat_receiver_worker.py | heartbeat_receiver_worker | 67] Current state: Connected
22:15:30: [INFO] [/Users/derekgou/autonomy-bootcamp-2025-p2/modules/heartbeat/heartbeat_receiver_worker.py | heartbeat_receiver_worker | 67] Current state: Connected
22:15:31: [INFO] [/Users/derekgou/autonomy-bootcamp-2025-p2/modules/heartbeat/heartbeat_receiver_worker.py | heartbeat_receiver_worker | 67] Current state: Connected
22:15:32: [INFO] [/Users/derekgou/autonomy-bootcamp-2025-p2/modules/heartbeat/heartbeat_receiver_worker.py | heartbeat_receiver_worker | 67] Current state: Disconnected
22:15:33: [INFO] [/Users/derekgou/autonomy-bootcamp-2025-p2/modules/heartbeat/heartbeat_receiver_worker.py | heartbeat_receiver_worker | 67] Current state: Disconnected
22:15:34: [INFO] [/Users/derekgou/autonomy-bootcamp-2025-p2/modules/heartbeat/heartbeat_receiver_worker.py | heartbeat_receiver_worker | 67] Current state: Disconnected
22:15:35: [INFO] [/Users/derekgou/autonomy-bootcamp-2025-p2/modules/heartbeat/heartbeat_receiver_worker.py | heartbeat_receiver_worker | 67] Current state: Disconnected
22:15:36: [INFO] [/Users/derekgou/autonomy-bootcamp-2025-p2/modules/heartbeat/heartbeat_receiver_worker.py | heartbeat_receiver_worker | 67] Current state: Connected
22:15:37: [INFO] [/Users/derekgou/autonomy-bootcamp-2025-p2/modules/heartbeat/heartbeat_receiver_worker.py | heartbeat_receiver_worker | 67] Current state: Connected
22:15:38: [INFO] [/Users/derekgou/autonomy-bootcamp-2025-p2/modules/heartbeat/heartbeat_receiver_worker.py | heartbeat_receiver_worker | 67] Current state: Connected
22:15:39: [INFO] [/Users/derekgou/autonomy-bootcamp-2025-p2/modules/heartbeat/heartbeat_receiver_worker.py | heartbeat_receiver_worker | 67] Current state: Connected
22:15:40: [INFO] [/Users/derekgou/autonomy-bootcamp-2025-p2/modules/heartbeat/heartbeat_receiver_worker.py | heartbeat_receiver_worker | 67] Current state: Connected
22:15:41: [INFO] [/Users/derekgou/autonomy-bootcamp-2025-p2/modules/heartbeat/heartbeat_receiver_worker.py | heartbeat_receiver_worker | 67] Current state: Connected
22:15:42: [INFO] [/Users/derekgou/autonomy-bootcamp-2025-p2/modules/heartbeat/heartbeat_receiver_worker.py | heartbeat_receiver_worker | 67] Current state: Connected
22:15:43: [INFO] [/Users/derekgou/autonomy-bootcamp-2025-p2/modules/heartbeat/heartbeat_receiver_worker.py | heartbeat_receiver_worker | 67] Current state: Connected
